<?xml version="1.0" encoding="UTF-8"?>
<testsuite name="RestAssured_RestfulBooker"
           tests="2"
           failures="0"
           errors="0"
           skipped="0"
           time="2.592">
    <properties></properties>



            <testcase
                name="postMethodPositiveTC"
                time="1.368"
                classname="com.restassuredrestfulbooker.Serialization.Lab293">
            </testcase>
            <testcase
                name="postMethodNegativeTC"
                time="1.224"
                classname="com.restassuredrestfulbooker.Serialization.Lab293">
            </testcase>
</testsuite>
