<?xml version="1.0" encoding="UTF-8"?>
<testsuite name="RestAssured_RestfulBooker"
           tests="1"
           failures="1"
           errors="0"
           skipped="0"
           time="0.000">
    <properties></properties>

            <testcase
                name="testDemoBrowser"
                time="0.000"
                classname="com.restassuredrestfulbooker.CRUDoperations.D.PriorityExamples.Lab283">

            <failure type="org.testng.TestNGException" message="
Parameter &apos;Browsers&apos; is required by @Test on method testDemoBrowser but has not been marked @Optional or defined
in C:\Users\BIOTECH\AppData\Local\JetBrains\IntelliJIdea2025.3\temp-testng-customsuite.xml">
                <![CDATA[org.testng.TestNGException: 
Parameter 'Browsers' is required by @Test on method testDemoBrowser but has not been marked @Optional or defined
in C:\Users\BIOTECH\AppData\Local\JetBrains\IntelliJIdea2025.3\temp-testng-customsuite.xml
                org.testng.internal.Parameters.createParams(Parameters.java:264)org.testng.internal.Parameters.createParametersForMethod(Parameters.java:352)org.testng.internal.Parameters.createParameters(Parameters.java:690)org.testng.internal.Parameters.handleParameters(Parameters.java:885)org.testng.internal.Parameters.handleParameters(Parameters.java:734)org.testng.internal.invokers.ParameterHandler.handleParameters(ParameterHandler.java:72)org.testng.internal.invokers.ParameterHandler.createParameters(ParameterHandler.java:51)org.testng.internal.invokers.TestInvoker$MethodInvocationAgent.invoke(TestInvoker.java:949)org.testng.internal.invokers.TestInvoker.invokeTestMethods(TestInvoker.java:203)org.testng.internal.invokers.TestMethodWorker.invokeTestMethods(TestMethodWorker.java:154)org.testng.internal.invokers.TestMethodWorker.run(TestMethodWorker.java:134)java.base/java.util.ArrayList.forEach(ArrayList.java:1604)org.testng.TestRunner.privateRun(TestRunner.java:741)org.testng.TestRunner.run(TestRunner.java:616)org.testng.SuiteRunner.runTest(SuiteRunner.java:421)org.testng.SuiteRunner.runSequentially(SuiteRunner.java:413)org.testng.SuiteRunner.privateRun(SuiteRunner.java:373)org.testng.SuiteRunner.run(SuiteRunner.java:312)org.testng.SuiteRunnerWorker.runSuite(SuiteRunnerWorker.java:52)org.testng.SuiteRunnerWorker.run(SuiteRunnerWorker.java:95)org.testng.TestNG.runSuitesSequentially(TestNG.java:1274)org.testng.TestNG.runSuitesLocally(TestNG.java:1208)org.testng.TestNG.runSuites(TestNG.java:1112)org.testng.TestNG.run(TestNG.java:1079)com.intellij.rt.testng.IDEARemoteTestNG.run(IDEARemoteTestNG.java:65)com.intellij.rt.testng.RemoteTestNGStarter.main(RemoteTestNGStarter.java:105)
]]>
            </failure>
    </testcase>


</testsuite>
