<?xml version="1.0" encoding="UTF-8"?>
<testsuite name="RestAssured_RestfulBooker"
           tests="3"
           failures="0"
           errors="0"
           skipped="0"
           time="0.006">
    <properties></properties>



            <testcase
                name="testMethodTwo"
                time="0.001"
                classname="com.restassuredrestfulbooker.CRUDoperations.D.PriorityExamples.Lab278">
            </testcase>
            <testcase
                name="testMethodThree"
                time="0.003"
                classname="com.restassuredrestfulbooker.CRUDoperations.D.PriorityExamples.Lab278">
            </testcase>
            <testcase
                name="testMethodOne"
                time="0.002"
                classname="com.restassuredrestfulbooker.CRUDoperations.D.PriorityExamples.Lab278">
            </testcase>
</testsuite>
