<?xml version="1.0" encoding="UTF-8"?>
<testsuite name="restassuredrestfulbooker/CRUDoperations/POST"
           tests="2"
           failures="0"
           errors="0"
           skipped="0"
           time="4.508">
    <properties></properties>



            <testcase
                name="getMethodNegativeTC"
                time="2.001"
                classname="com.restassuredrestfulbooker.CRUDoperations.GET.NonBDDStyle.getMethodNonBDDStyle">
            </testcase>
            <testcase
                name="getMethodPositiveTC"
                time="2.507"
                classname="com.restassuredrestfulbooker.CRUDoperations.GET.NonBDDStyle.getMethodNonBDDStyle">
            </testcase>
</testsuite>
