<?xml version="1.0" encoding="UTF-8"?>
<testsuite name="RestAssured_RestfulBooker"
           tests="10"
           failures="0"
           errors="0"
           skipped="0"
           time="12.254">
    <properties></properties>



            <testcase
                name="getUpdatedBookingInfo"
                time="1.282"
                classname="com.restassuredrestfulbooker.CRUDoperations.C.EndToEndTesting.Ping_Auth_CreatePost_Get_Put_Patch_Delete_EtETC">
            </testcase>
            <testcase
                name="updateBooking"
                time="1.182"
                classname="com.restassuredrestfulbooker.CRUDoperations.C.EndToEndTesting.Ping_Auth_CreatePost_Get_Put_Patch_Delete_EtETC">
            </testcase>
            <testcase
                name="tokenGenerating"
                time="1.244"
                classname="com.restassuredrestfulbooker.CRUDoperations.C.EndToEndTesting.Ping_Auth_CreatePost_Get_Put_Patch_Delete_EtETC">
            </testcase>
            <testcase
                name="pingCheck"
                time="1.250"
                classname="com.restassuredrestfulbooker.CRUDoperations.C.EndToEndTesting.Ping_Auth_CreatePost_Get_Put_Patch_Delete_EtETC">
            </testcase>
            <testcase
                name="getPartiallyUpdatedBookingInfo"
                time="1.191"
                classname="com.restassuredrestfulbooker.CRUDoperations.C.EndToEndTesting.Ping_Auth_CreatePost_Get_Put_Patch_Delete_EtETC">
            </testcase>
            <testcase
                name="partiallyUpdateBooking"
                time="1.180"
                classname="com.restassuredrestfulbooker.CRUDoperations.C.EndToEndTesting.Ping_Auth_CreatePost_Get_Put_Patch_Delete_EtETC">
            </testcase>
            <testcase
                name="getDeletedBookingInfo"
                time="1.212"
                classname="com.restassuredrestfulbooker.CRUDoperations.C.EndToEndTesting.Ping_Auth_CreatePost_Get_Put_Patch_Delete_EtETC">
            </testcase>
            <testcase
                name="createBooking"
                time="1.211"
                classname="com.restassuredrestfulbooker.CRUDoperations.C.EndToEndTesting.Ping_Auth_CreatePost_Get_Put_Patch_Delete_EtETC">
            </testcase>
            <testcase
                name="deleteBooking"
                time="1.241"
                classname="com.restassuredrestfulbooker.CRUDoperations.C.EndToEndTesting.Ping_Auth_CreatePost_Get_Put_Patch_Delete_EtETC">
            </testcase>
            <testcase
                name="getBookingInfo"
                time="1.261"
                classname="com.restassuredrestfulbooker.CRUDoperations.C.EndToEndTesting.Ping_Auth_CreatePost_Get_Put_Patch_Delete_EtETC">
            </testcase>
</testsuite>
