<?xml version="1.0" encoding="UTF-8"?>
<testsuite name="RestAssured_RestfulBooker"
           tests="2"
           failures="0"
           errors="0"
           skipped="0"
           time="2.624">
    <properties></properties>



            <testcase
                name="getMethodNegativeTC"
                time="1.276"
                classname="com.restassuredrestfulbooker.CRUDoperations.A.FunctionalTesting.GET.NonBDDStyle.getMethodNonBDDStyle">
            </testcase>
            <testcase
                name="getMethodPositiveTC"
                time="1.348"
                classname="com.restassuredrestfulbooker.CRUDoperations.A.FunctionalTesting.GET.NonBDDStyle.getMethodNonBDDStyle">
            </testcase>
</testsuite>
