<?xml version="1.0" encoding="UTF-8"?>
<testsuite name="RestAssured_RestfulBooker"
           tests="3"
           failures="0"
           errors="0"
           skipped="0"
           time="0.003">
    <properties></properties>



            <testcase
                name="getDataFrom"
                time="0.001"
                classname="com.restassuredrestfulbooker.Miscellaneous.Lab286">
            </testcase>
            <testcase
                name="getDataFrom"
                time="0.001"
                classname="com.restassuredrestfulbooker.Miscellaneous.Lab286">
            </testcase>
            <testcase
                name="getDataFrom"
                time="0.001"
                classname="com.restassuredrestfulbooker.Miscellaneous.Lab286">
            </testcase>
</testsuite>
