<?xml version="1.0" encoding="UTF-8"?>
<testsuite name="restassuredrestfulbooker/CRUDoperations"
           tests="2"
           failures="0"
           errors="0"
           skipped="0"
           time="4.712">
    <properties></properties>



            <testcase
                name="testBookingToGetBookingId"
                time="1.460"
                classname="com.restassuredrestfulbooker.CRUDoperations.C.EndToEndTesting.testFullEndToEndTC">
            </testcase>
            <testcase
                name="testAuthToGetToken"
                time="3.252"
                classname="com.restassuredrestfulbooker.CRUDoperations.C.EndToEndTesting.testFullEndToEndTC">
            </testcase>
</testsuite>
