<?xml version="1.0" encoding="UTF-8"?>
<testsuite name="PriorityExamples"
           tests="6"
           failures="0"
           errors="0"
           skipped="0"
           time="0.516">
    <properties></properties>



            <testcase
                name="SanityPart1Run"
                time="0.352"
                classname="com.restassuredrestfulbooker.CRUDoperations.D.PriorityExamples.Lab279">
            </testcase>
            <testcase
                name="SmokeRun"
                time="0.024"
                classname="com.restassuredrestfulbooker.CRUDoperations.D.PriorityExamples.Lab279">
            </testcase>
            <testcase
                name="ProductionRun"
                time="0.012"
                classname="com.restassuredrestfulbooker.CRUDoperations.D.PriorityExamples.Lab279">
            </testcase>
            <testcase
                name="RegressionRun"
                time="0.045"
                classname="com.restassuredrestfulbooker.CRUDoperations.D.PriorityExamples.Lab279">
            </testcase>
            <testcase
                name="QARun"
                time="0.062"
                classname="com.restassuredrestfulbooker.CRUDoperations.D.PriorityExamples.Lab279">
            </testcase>
            <testcase
                name="SanityPart2Run"
                time="0.021"
                classname="com.restassuredrestfulbooker.CRUDoperations.D.PriorityExamples.Lab279">
            </testcase>
</testsuite>
