<?xml version="1.0" encoding="UTF-8"?>
<testsuite name="RestAssured_RestfulBooker"
           tests="2"
           failures="0"
           errors="0"
           skipped="0"
           time="2.655">
    <properties></properties>



            <testcase
                name="createBookingIdMethodPostNegativeTC"
                time="1.333"
                classname="com.restassuredrestfulbooker.CRUDoperations.A.FunctionalTesting.POST.BDDStyle.postMethodBDDStyle">
            </testcase>
            <testcase
                name="createBookingIdMethodPostPositiveTC"
                time="1.322"
                classname="com.restassuredrestfulbooker.CRUDoperations.A.FunctionalTesting.POST.BDDStyle.postMethodBDDStyle">
            </testcase>
</testsuite>
