<?xml version="1.0" encoding="UTF-8"?>
<testsuite name="restassuredrestfulbooker/CRUDoperations"
           tests="1"
           failures="0"
           errors="0"
           skipped="0"
           time="2.276">
    <properties></properties>



            <testcase
                name="pingCheckGETMethod"
                time="2.276"
                classname="com.restassuredrestfulbooker.CRUDoperations.A.FunctionalTesting.PING.NonBDDStyle.pingCheckNonBDDStyle">
            </testcase>
</testsuite>
