<?xml version="1.0" encoding="UTF-8"?>
<testsuite name="RestAssured_RestfulBooker"
           tests="2"
           failures="0"
           errors="0"
           skipped="0"
           time="2.644">
    <properties></properties>



            <testcase
                name="deleteBooking"
                time="1.359"
                classname="com.restassuredrestfulbooker.CRUDoperations.B.IntegrationTesting.integrationTC2_createPartiallyUpdateDeleteNonBDDStyle">
            </testcase>
            <testcase
                name="partiallyUpdateBooking"
                time="1.285"
                classname="com.restassuredrestfulbooker.CRUDoperations.B.IntegrationTesting.integrationTC2_createPartiallyUpdateDeleteNonBDDStyle">
            </testcase>
</testsuite>
