<?xml version="1.0" encoding="UTF-8"?>
<testsuite name="RestAssured_RestfulBooker"
           tests="2"
           failures="0"
           errors="0"
           skipped="0"
           time="2.520">
    <properties></properties>



            <testcase
                name="postMethodNegativeTC"
                time="1.254"
                classname="com.restassuredrestfulbooker.Serialization.Lab294">
            </testcase>
            <testcase
                name="postMethodPositiveTC"
                time="1.266"
                classname="com.restassuredrestfulbooker.Serialization.Lab294">
            </testcase>
</testsuite>
