<?xml version="1.0" encoding="UTF-8"?>
<testsuite name="C:/Users/Ratul's Lappy/IdeaProjects/RestAssured_RestfulBooker"
           tests="3"
           failures="0"
           errors="0"
           skipped="0"
           time="4.308">
    <properties></properties>



            <testcase
                name="Step2"
                time="2.252"
                classname="com.restassuredrestfulbooker.PackagePractice.pp02">
            </testcase>
            <testcase
                name="Step03"
                time="2.042"
                classname="com.restassuredrestfulbooker.PackagePractice.pp02">
            </testcase>
            <testcase
                name="Step1"
                time="0.014"
                classname="com.restassuredrestfulbooker.PackagePractice.pp02">
            </testcase>
</testsuite>
