<?xml version="1.0" encoding="UTF-8"?>
<testsuite name="RestAssured_RestfulBooker"
           tests="5"
           failures="0"
           errors="0"
           skipped="0"
           time="23.093">
    <properties></properties>



            <testcase
                name="testAuthToGetToken"
                time="12.948"
                classname="com.restassuredrestfulbooker.CRUDoperations.C.EndToEndTesting.testFullEndToEndTC">
            </testcase>
            <testcase
                name="testCreatedBooking"
                time="2.707"
                classname="com.restassuredrestfulbooker.CRUDoperations.C.EndToEndTesting.testFullEndToEndTC">
            </testcase>
            <testcase
                name="testPartialUpdate"
                time="2.306"
                classname="com.restassuredrestfulbooker.CRUDoperations.C.EndToEndTesting.testFullEndToEndTC">
            </testcase>
            <testcase
                name="testBookingToGetBookingId"
                time="2.560"
                classname="com.restassuredrestfulbooker.CRUDoperations.C.EndToEndTesting.testFullEndToEndTC">
            </testcase>
            <testcase
                name="testPartialUpdateBooking"
                time="2.572"
                classname="com.restassuredrestfulbooker.CRUDoperations.C.EndToEndTesting.testFullEndToEndTC">
            </testcase>
</testsuite>
