<?xml version="1.0" encoding="UTF-8"?>
<testsuite name="RestAssured_RestfulBooker"
           tests="2"
           failures="0"
           errors="0"
           skipped="0"
           time="2.479">
    <properties></properties>



            <testcase
                name="postMethodNegativeTC"
                time="1.215"
                classname="com.restassuredrestfulbooker.CRUDoperations.A.FunctionalTesting.POST.NonBDDStyle.postMethodNonBDDStyle">
            </testcase>
            <testcase
                name="postMethodPositiveTC"
                time="1.264"
                classname="com.restassuredrestfulbooker.CRUDoperations.A.FunctionalTesting.POST.NonBDDStyle.postMethodNonBDDStyle">
            </testcase>
</testsuite>
