<?xml version="1.0" encoding="UTF-8"?>
<testsuite name="RestAssured_RestfulBooker"
           tests="3"
           failures="0"
           errors="0"
           skipped="0"
           time="0.397">
    <properties></properties>



            <testcase
                name="testData"
                time="0.012"
                classname="com.restassuredrestfulbooker.Miscellaneous.Lab285">
            </testcase>
            <testcase
                name="testData"
                time="0.376"
                classname="com.restassuredrestfulbooker.Miscellaneous.Lab285">
            </testcase>
            <testcase
                name="testData"
                time="0.009"
                classname="com.restassuredrestfulbooker.Miscellaneous.Lab285">
            </testcase>
</testsuite>
