<?xml version="1.0" encoding="UTF-8"?>
<testsuite name="RestAssured_RestfulBooker"
           tests="2"
           failures="0"
           errors="0"
           skipped="0"
           time="3.905">
    <properties></properties>



            <testcase
                name="testCreateToken"
                time="2.555"
                classname="com.restassuredrestfulbooker.Miscellaneous.testEndToEnd">
            </testcase>
            <testcase
                name="testCreateBooking"
                time="1.350"
                classname="com.restassuredrestfulbooker.Miscellaneous.testEndToEnd">
            </testcase>
</testsuite>
