<?xml version="1.0" encoding="UTF-8"?>
<testsuite name="RestAssured_RestfulBooker"
           tests="3"
           failures="0"
           errors="0"
           skipped="0"
           time="0.056">
    <properties></properties>



            <testcase
                name="printData"
                time="0.001"
                classname="com.restassuredrestfulbooker.Miscellaneous.Lab285a">
            </testcase>
            <testcase
                name="printData"
                time="0.002"
                classname="com.restassuredrestfulbooker.Miscellaneous.Lab285a">
            </testcase>
            <testcase
                name="printData"
                time="0.053"
                classname="com.restassuredrestfulbooker.Miscellaneous.Lab285a">
            </testcase>
</testsuite>
