<?xml version="1.0" encoding="UTF-8"?>
<testsuite name="RestAssured_RestfulBooker"
           tests="3"
           failures="0"
           errors="0"
           skipped="0"
           time="0.045">
    <properties></properties>



            <testcase
                name="getData"
                time="0.002"
                classname="com.restassuredrestfulbooker.Miscellaneous.Lab286a">
            </testcase>
            <testcase
                name="getData"
                time="0.002"
                classname="com.restassuredrestfulbooker.Miscellaneous.Lab286a">
            </testcase>
            <testcase
                name="getData"
                time="0.041"
                classname="com.restassuredrestfulbooker.Miscellaneous.Lab286a">
            </testcase>
</testsuite>
