<?xml version="1.0" encoding="UTF-8"?>
<testsuite name="RestAssured_RestfulBooker"
           tests="2"
           failures="0"
           errors="0"
           skipped="0"
           time="3.920">
    <properties></properties>



            <testcase
                name="postMethodNegativeTC"
                time="1.239"
                classname="com.restassuredrestfulbooker.Serialization.Lab293">
            </testcase>
            <testcase
                name="postMethodPositiveTC"
                time="2.681"
                classname="com.restassuredrestfulbooker.Serialization.Lab293">
            </testcase>
</testsuite>
