<?xml version="1.0" encoding="UTF-8"?>
<testsuite name="restassuredrestfulbooker/CRUDoperations"
           tests="1"
           failures="0"
           errors="0"
           skipped="0"
           time="2.192">
    <properties></properties>



            <testcase
                name="generating_Auth"
                time="2.192"
                classname="com.restassuredrestfulbooker.CRUDoperations.A.FunctionalTesting.AUTH.NonBDDStyle.creatingAuthTokenNonBDDStyleMethodPOST">
            </testcase>
</testsuite>
