<?xml version="1.0" encoding="UTF-8"?>
<testsuite name="RestAssured_RestfulBooker"
           tests="2"
           failures="0"
           errors="0"
           skipped="0"
           time="2.481">
    <properties></properties>



            <testcase
                name="deleteBooking"
                time="1.217"
                classname="com.restassuredrestfulbooker.CRUDoperations.B.IntegrationTesting.integrationTC3_CreateUpdateDeleteCheck">
            </testcase>
            <testcase
                name="updateBooking"
                time="1.264"
                classname="com.restassuredrestfulbooker.CRUDoperations.B.IntegrationTesting.integrationTC3_CreateUpdateDeleteCheck">
            </testcase>
</testsuite>
