<?xml version="1.0" encoding="UTF-8"?>
<testsuite name="RestAssured_RestfulBooker"
           tests="2"
           failures="0"
           errors="0"
           skipped="0"
           time="5.461">
    <properties></properties>



            <testcase
                name="deleteBooking"
                time="2.435"
                classname="com.restassuredrestfulbooker.CRUDoperations.B.IntegrationTesting.integrationTC3_CreateUpdateDeleteCheck">
            </testcase>
            <testcase
                name="updateBooking"
                time="3.026"
                classname="com.restassuredrestfulbooker.CRUDoperations.B.IntegrationTesting.integrationTC3_CreateUpdateDeleteCheck">
            </testcase>
</testsuite>
