<?xml version="1.0" encoding="UTF-8"?>
<testsuite name="RestAssured_RestfulBooker"
           tests="1"
           failures="0"
           errors="0"
           skipped="0"
           time="2.930">
    <properties></properties>



            <testcase
                name="generating_Auth"
                time="2.930"
                classname="com.restassuredrestfulbooker.CRUDoperations.A.FunctionalTesting.AUTH.NonBDDStyle.creatingAuthTokenNonBDDStyleMethodPOST">
            </testcase>
</testsuite>
