<?xml version="1.0" encoding="UTF-8"?>
<testsuite name="RestAssured_RestfulBooker"
           tests="2"
           failures="0"
           errors="0"
           skipped="0"
           time="1.225">
    <properties></properties>



            <testcase
                name="getRequest01"
                time="1.224"
                classname="com.restassuredrestfulbooker.PackagePractice.pp01">
            </testcase>
            <testcase
                name="getRequest"
                time="0.001"
                classname="com.restassuredrestfulbooker.PackagePractice.pp01">
            </testcase>
</testsuite>
